Peliculas/app/manifest-merger-release-report.txt
-- Merging decision tree log ---
manifest
ADDED from AndroidManifest.xml:2:1
	package
		ADDED from AndroidManifest.xml:3:5
		INJECTED from AndroidManifest.xml:0:0
		INJECTED from AndroidManifest.xml:0:0
	android:versionName
		INJECTED from AndroidManifest.xml:0:0
		INJECTED from AndroidManifest.xml:0:0
	xmlns:android
		ADDED from AndroidManifest.xml:2:11
	android:versionCode
		INJECTED from AndroidManifest.xml:0:0
		INJECTED from AndroidManifest.xml:0:0
application
ADDED from AndroidManifest.xml:5:5
MERGED from com.android.support:appcompat-v7:22.2.0:22:5
MERGED from com.android.support:support-v4:22.2.0:22:5
MERGED from com.android.support:recyclerview-v7:21.0.3:17:5
MERGED from com.android.support:support-v4:22.2.0:22:5
MERGED from org.lucasr.dspec:dspec:0.1.1:8:5
MERGED from com.github.markushi:android-ui:1.2:9:5
MERGED from com.android.support:appcompat-v7:22.2.0:22:5
MERGED from com.android.support:support-v4:22.2.0:22:5
MERGED from com.telly:mrvector:0.2.0:11:5
MERGED from com.android.support:support-v4:22.2.0:22:5
MERGED from me.tatarka.support:jobscheduler:0.1.1:11:5
MERGED from com.android.support:support-v4:22.2.0:22:5
MERGED from de.hdodenhof:circleimageview:1.2.1:9:5
MERGED from com.android.support:design:22.2.0:22:5
MERGED from com.android.support:appcompat-v7:22.2.0:22:5
MERGED from com.android.support:support-v4:22.2.0:22:5
MERGED from com.android.support:support-v4:22.2.0:22:5
MERGED from com.android.support:gridlayout-v7:22.0.0:22:5
MERGED from com.android.support:support-v4:22.2.0:22:5
	android:label
		ADDED from AndroidManifest.xml:8:9
	android:allowBackup
		ADDED from AndroidManifest.xml:6:9
	android:icon
		ADDED from AndroidManifest.xml:7:9
	android:theme
		ADDED from AndroidManifest.xml:9:9
activity#gt.com.kinal.juanlopez.peliculas.SplashActivity
ADDED from AndroidManifest.xml:10:9
	android:label
		ADDED from AndroidManifest.xml:12:13
	android:name
		ADDED from AndroidManifest.xml:11:13
intent-filter#android.intent.action.MAIN+android.intent.category.LAUNCHER
ADDED from AndroidManifest.xml:13:13
action#android.intent.action.MAIN
ADDED from AndroidManifest.xml:14:17
	android:name
		ADDED from AndroidManifest.xml:14:25
category#android.intent.category.LAUNCHER
ADDED from AndroidManifest.xml:16:17
	android:name
		ADDED from AndroidManifest.xml:16:27
activity#gt.com.kinal.juanlopez.peliculas.clsLogin
ADDED from AndroidManifest.xml:19:9
	android:label
		ADDED from AndroidManifest.xml:21:13
	android:name
		ADDED from AndroidManifest.xml:20:13
activity#gt.com.kinal.juanlopez.peliculas.clsRegistro
ADDED from AndroidManifest.xml:23:9
	android:label
		ADDED from AndroidManifest.xml:25:13
	android:name
		ADDED from AndroidManifest.xml:24:13
meta-data#android.support.PARENT_ACTIVITY
ADDED from AndroidManifest.xml:26:13
	android:value
		ADDED from AndroidManifest.xml:28:17
	android:name
		ADDED from AndroidManifest.xml:27:17
activity#gt.com.kinal.juanlopez.peliculas.clsDetalleP
ADDED from AndroidManifest.xml:30:9
	android:label
		ADDED from AndroidManifest.xml:32:13
	android:name
		ADDED from AndroidManifest.xml:31:13
activity#gt.com.kinal.juanlopez.peliculas.MainActivity
ADDED from AndroidManifest.xml:37:9
	android:label
		ADDED from AndroidManifest.xml:39:13
	android:name
		ADDED from AndroidManifest.xml:38:13
uses-sdk
INJECTED from AndroidManifest.xml:0:0 reason: use-sdk injection requested
MERGED from com.android.support:appcompat-v7:22.2.0:20:5
MERGED from com.android.support:support-v4:22.2.0:20:5
MERGED from com.android.support:recyclerview-v7:21.0.3:15:5
MERGED from com.android.support:support-v4:22.2.0:20:5
MERGED from org.lucasr.dspec:dspec:0.1.1:6:5
MERGED from it.neokree:MaterialTabs:0.11:7:5
MERGED from com.github.markushi:android-ui:1.2:7:5
MERGED from com.android.support:appcompat-v7:22.2.0:20:5
MERGED from com.android.support:support-v4:22.2.0:20:5
MERGED from com.telly:mrvector:0.2.0:7:5
MERGED from com.android.support:support-v4:22.2.0:20:5
MERGED from com.oguzdev:CircularFloatingActionMenu:1.0.2:7:5
MERGED from me.tatarka.support:jobscheduler:0.1.1:7:5
MERGED from com.android.support:support-v4:22.2.0:20:5
MERGED from jp.wasabeef:recyclerview-animators:1.1.0:8:5
MERGED from com.daimajia.easing:library:1.0.1:8:5
MERGED from com.daimajia.androidanimations:library:1.1.3:8:5
MERGED from de.hdodenhof:circleimageview:1.2.1:5:5
MERGED from com.android.support:design:22.2.0:20:5
MERGED from com.android.support:appcompat-v7:22.2.0:20:5
MERGED from com.android.support:support-v4:22.2.0:20:5
MERGED from com.android.support:support-v4:22.2.0:20:5
MERGED from com.android.support:gridlayout-v7:22.0.0:20:5
MERGED from com.android.support:support-v4:22.2.0:20:5
	tools:overrideLibrary
		ADDED from it.neokree:MaterialTabs:0.11:10:9
	android:targetSdkVersion
		INJECTED from AndroidManifest.xml:0:0
		INJECTED from AndroidManifest.xml:0:0
	android:minSdkVersion
		INJECTED from AndroidManifest.xml:0:0
		INJECTED from AndroidManifest.xml:0:0
activity#android.support.v7.widget.TestActivity
ADDED from com.android.support:recyclerview-v7:21.0.3:18:9
	android:label
		ADDED from com.android.support:recyclerview-v7:21.0.3:18:19
	android:name
		ADDED from com.android.support:recyclerview-v7:21.0.3:18:60
service#me.tatarka.support.internal.job.JobServiceCompat
ADDED from me.tatarka.support:jobscheduler:0.1.1:12:9
	android:name
		ADDED from me.tatarka.support:jobscheduler:0.1.1:12:18
service#me.tatarka.support.internal.job.JobSchedulerService
ADDED from me.tatarka.support:jobscheduler:0.1.1:13:9
	android:name
		ADDED from me.tatarka.support:jobscheduler:0.1.1:13:18
receiver#me.tatarka.support.internal.receivers.NetworkReceiver
ADDED from me.tatarka.support:jobscheduler:0.1.1:15:9
	android:enabled
		ADDED from me.tatarka.support:jobscheduler:0.1.1:17:13
	android:name
		ADDED from me.tatarka.support:jobscheduler:0.1.1:16:13
intent-filter#android.net.conn.CONNECTIVITY_CHANGE
ADDED from me.tatarka.support:jobscheduler:0.1.1:18:13
action#android.net.conn.CONNECTIVITY_CHANGE
ADDED from me.tatarka.support:jobscheduler:0.1.1:19:17
	android:name
		ADDED from me.tatarka.support:jobscheduler:0.1.1:19:25
receiver#me.tatarka.support.internal.receivers.PowerReceiver
ADDED from me.tatarka.support:jobscheduler:0.1.1:22:9
	android:enabled
		ADDED from me.tatarka.support:jobscheduler:0.1.1:24:13
	android:name
		ADDED from me.tatarka.support:jobscheduler:0.1.1:23:13
intent-filter#android.intent.action.ACTION_BATTERY_LOW+android.intent.action.ACTION_BATTERY_OKAY+android.intent.action.ACTION_POWER_CONNECTED+android.intent.action.ACTION_POWER_DISCONNECTED+me.tatarka.support.server.job.controllers.PowerReceiver.ACTION_CHARGING_STABLE
ADDED from me.tatarka.support:jobscheduler:0.1.1:25:13
action#android.intent.action.ACTION_BATTERY_LOW
ADDED from me.tatarka.support:jobscheduler:0.1.1:26:17
	android:name
		ADDED from me.tatarka.support:jobscheduler:0.1.1:26:25
action#android.intent.action.ACTION_BATTERY_OKAY
ADDED from me.tatarka.support:jobscheduler:0.1.1:27:17
	android:name
		ADDED from me.tatarka.support:jobscheduler:0.1.1:27:25
action#android.intent.action.ACTION_POWER_CONNECTED
ADDED from me.tatarka.support:jobscheduler:0.1.1:28:17
	android:name
		ADDED from me.tatarka.support:jobscheduler:0.1.1:28:25
action#android.intent.action.ACTION_POWER_DISCONNECTED
ADDED from me.tatarka.support:jobscheduler:0.1.1:29:17
	android:name
		ADDED from me.tatarka.support:jobscheduler:0.1.1:29:25
action#me.tatarka.support.server.job.controllers.PowerReceiver.ACTION_CHARGING_STABLE
ADDED from me.tatarka.support:jobscheduler:0.1.1:30:17
	android:name
		ADDED from me.tatarka.support:jobscheduler:0.1.1:30:25
receiver#me.tatarka.support.internal.receivers.BootReceiver
ADDED from me.tatarka.support:jobscheduler:0.1.1:33:9
	android:enabled
		ADDED from me.tatarka.support:jobscheduler:0.1.1:35:13
	android:name
		ADDED from me.tatarka.support:jobscheduler:0.1.1:34:13
intent-filter#android.intent.action.BOOT_COMPLETED
ADDED from me.tatarka.support:jobscheduler:0.1.1:36:13
action#android.intent.action.BOOT_COMPLETED
ADDED from me.tatarka.support:jobscheduler:0.1.1:37:17
	android:name
		ADDED from me.tatarka.support:jobscheduler:0.1.1:37:25
receiver#me.tatarka.support.internal.receivers.IdleReceiver
ADDED from me.tatarka.support:jobscheduler:0.1.1:40:9
	android:name
		ADDED from me.tatarka.support:jobscheduler:0.1.1:40:19
intent-filter#android.intent.action.DREAMING_STARTED+android.intent.action.DREAMING_STOPPED+android.intent.action.SCREEN_OFF+android.intent.action.SCREEN_ON+me.tatarka.support.server.job.controllers.IdleReceiver.ACTION_TRIGGER_IDLE
ADDED from me.tatarka.support:jobscheduler:0.1.1:41:13
action#android.intent.action.SCREEN_ON
ADDED from me.tatarka.support:jobscheduler:0.1.1:42:17
	android:name
		ADDED from me.tatarka.support:jobscheduler:0.1.1:42:25
action#android.intent.action.SCREEN_OFF
ADDED from me.tatarka.support:jobscheduler:0.1.1:43:17
	android:name
		ADDED from me.tatarka.support:jobscheduler:0.1.1:43:25
action#android.intent.action.DREAMING_STARTED
ADDED from me.tatarka.support:jobscheduler:0.1.1:44:17
	android:name
		ADDED from me.tatarka.support:jobscheduler:0.1.1:44:25
action#android.intent.action.DREAMING_STOPPED
ADDED from me.tatarka.support:jobscheduler:0.1.1:45:17
	android:name
		ADDED from me.tatarka.support:jobscheduler:0.1.1:45:25
action#me.tatarka.support.server.job.controllers.IdleReceiver.ACTION_TRIGGER_IDLE
ADDED from me.tatarka.support:jobscheduler:0.1.1:46:17
	android:name
		ADDED from me.tatarka.support:jobscheduler:0.1.1:46:25
receiver#me.tatarka.support.internal.receivers.TimeReceiver
ADDED from me.tatarka.support:jobscheduler:0.1.1:49:9
	android:exported
		ADDED from me.tatarka.support:jobscheduler:0.1.1:51:13
	android:name
		ADDED from me.tatarka.support:jobscheduler:0.1.1:50:13
intent-filter#me.tatarka.support.jobscheduler.JOB_DEADLINE_EXPIRED+me.tatarka.support.jobscheduler.JOB_DELAY_EXPIRED
ADDED from me.tatarka.support:jobscheduler:0.1.1:52:13
action#me.tatarka.support.jobscheduler.JOB_DEADLINE_EXPIRED
ADDED from me.tatarka.support:jobscheduler:0.1.1:53:17
	android:name
		ADDED from me.tatarka.support:jobscheduler:0.1.1:53:25
action#me.tatarka.support.jobscheduler.JOB_DELAY_EXPIRED
ADDED from me.tatarka.support:jobscheduler:0.1.1:54:17
	android:name
		ADDED from me.tatarka.support:jobscheduler:0.1.1:54:25